Determining if the pthread_create exist failed with the following output:
Change Dir: /home/kpach/catkin_ws/src/compgx01_lab/custom_msgs/cmake-build-debug/CMakeFiles/CMakeTmp

Run Build Command:"/usr/bin/make" "cmTC_7f1fe/fast"
/usr/bin/make -f CMakeFiles/cmTC_7f1fe.dir/build.make CMakeFiles/cmTC_7f1fe.dir/build
make[1]: Entering directory '/home/kpach/catkin_ws/src/compgx01_lab/custom_msgs/cmake-build-debug/CMakeFiles/CMakeTmp'
Building C object CMakeFiles/cmTC_7f1fe.dir/CheckSymbolExists.c.o
/usr/bin/cc    -o CMakeFiles/cmTC_7f1fe.dir/CheckSymbolExists.c.o   -c /home/kpach/catkin_ws/src/compgx01_lab/custom_msgs/cmake-build-debug/CMakeFiles/CMakeTmp/CheckSymbolExists.c
Linking C executable cmTC_7f1fe
/opt/clion-2017.2.3/bin/cmake/bin/cmake -E cmake_link_script CMakeFiles/cmTC_7f1fe.dir/link.txt --verbose=1
/usr/bin/cc      -rdynamic CMakeFiles/cmTC_7f1fe.dir/CheckSymbolExists.c.o  -o cmTC_7f1fe 
CMakeFiles/cmTC_7f1fe.dir/CheckSymbolExists.c.o: In function `main':
CheckSymbolExists.c:(.text+0x16): undefined reference to `pthread_create'
collect2: error: ld returned 1 exit status
CMakeFiles/cmTC_7f1fe.dir/build.make:97: recipe for target 'cmTC_7f1fe' failed
make[1]: *** [cmTC_7f1fe] Error 1
make[1]: Leaving directory '/home/kpach/catkin_ws/src/compgx01_lab/custom_msgs/cmake-build-debug/CMakeFiles/CMakeTmp'
Makefile:126: recipe for target 'cmTC_7f1fe/fast' failed
make: *** [cmTC_7f1fe/fast] Error 2

File /home/kpach/catkin_ws/src/compgx01_lab/custom_msgs/cmake-build-debug/CMakeFiles/CMakeTmp/CheckSymbolExists.c:
/* */
#include <pthread.h>

int main(int argc, char** argv)
{
  (void)argv;
#ifndef pthread_create
  return ((int*)(&pthread_create))[argc];
#else
  (void)argc;
  return 0;
#endif
}

Determining if the function pthread_create exists in the pthreads failed with the following output:
Change Dir: /home/kpach/catkin_ws/src/compgx01_lab/custom_msgs/cmake-build-debug/CMakeFiles/CMakeTmp

Run Build Command:"/usr/bin/make" "cmTC_c68b1/fast"
/usr/bin/make -f CMakeFiles/cmTC_c68b1.dir/build.make CMakeFiles/cmTC_c68b1.dir/build
make[1]: Entering directory '/home/kpach/catkin_ws/src/compgx01_lab/custom_msgs/cmake-build-debug/CMakeFiles/CMakeTmp'
Building C object CMakeFiles/cmTC_c68b1.dir/CheckFunctionExists.c.o
/usr/bin/cc   -DCHECK_FUNCTION_EXISTS=pthread_create   -o CMakeFiles/cmTC_c68b1.dir/CheckFunctionExists.c.o   -c /opt/clion-2017.2.3/bin/cmake/share/cmake-3.8/Modules/CheckFunctionExists.c
Linking C executable cmTC_c68b1
/opt/clion-2017.2.3/bin/cmake/bin/cmake -E cmake_link_script CMakeFiles/cmTC_c68b1.dir/link.txt --verbose=1
/usr/bin/cc  -DCHECK_FUNCTION_EXISTS=pthread_create    -rdynamic CMakeFiles/cmTC_c68b1.dir/CheckFunctionExists.c.o  -o cmTC_c68b1 -lpthreads 
/usr/bin/ld: cannot find -lpthreads
collect2: error: ld returned 1 exit status
CMakeFiles/cmTC_c68b1.dir/build.make:97: recipe for target 'cmTC_c68b1' failed
make[1]: *** [cmTC_c68b1] Error 1
make[1]: Leaving directory '/home/kpach/catkin_ws/src/compgx01_lab/custom_msgs/cmake-build-debug/CMakeFiles/CMakeTmp'
Makefile:126: recipe for target 'cmTC_c68b1/fast' failed
make: *** [cmTC_c68b1/fast] Error 2


